<?xml version="1.0" encoding="UTF-8"?>
<testsuite xmlns:xsi="http://www.w3.org/2001/XMLSchema-instance" xsi:noNamespaceSchemaLocation="https://maven.apache.org/surefire/maven-surefire-plugin/xsd/surefire-test-report.xsd" name="TestSuite" time="505.706" tests="1" errors="0" skipped="0" failures="1">
  <properties>
    <property name="java.specification.version" value="13"/>
    <property name="sun.cpu.isalist" value="amd64"/>
    <property name="sun.jnu.encoding" value="Cp1252"/>
    <property name="java.class.path" value="C:\Users\Harika T\Downloads\maven_praticeAutomation_485\maven_praticeAutomation_485\target\test-classes;C:\Users\Harika T\Downloads\maven_praticeAutomation_485\maven_praticeAutomation_485\target\classes;C:\Users\Harika T\.m2\repository\info\cukes\cucumber-core\1.2.5\cucumber-core-1.2.5.jar;C:\Users\Harika T\.m2\repository\info\cukes\cucumber-html\0.2.3\cucumber-html-0.2.3.jar;C:\Users\Harika T\.m2\repository\info\cukes\cucumber-java\1.2.5\cucumber-java-1.2.5.jar;C:\Users\Harika T\.m2\repository\info\cukes\cucumber-jvm-deps\1.0.5\cucumber-jvm-deps-1.0.5.jar;C:\Users\Harika T\.m2\repository\info\cukes\cucumber-testng\1.2.5\cucumber-testng-1.2.5.jar;C:\Users\Harika T\.m2\repository\info\cukes\gherkin\2.12.2\gherkin-2.12.2.jar;C:\Users\Harika T\.m2\repository\org\seleniumhq\selenium\selenium-java\3.141.59\selenium-java-3.141.59.jar;C:\Users\Harika T\.m2\repository\org\seleniumhq\selenium\selenium-api\3.141.59\selenium-api-3.141.59.jar;C:\Users\Harika T\.m2\repository\org\seleniumhq\selenium\selenium-chrome-driver\3.141.59\selenium-chrome-driver-3.141.59.jar;C:\Users\Harika T\.m2\repository\org\seleniumhq\selenium\selenium-edge-driver\3.141.59\selenium-edge-driver-3.141.59.jar;C:\Users\Harika T\.m2\repository\org\seleniumhq\selenium\selenium-firefox-driver\3.141.59\selenium-firefox-driver-3.141.59.jar;C:\Users\Harika T\.m2\repository\org\seleniumhq\selenium\selenium-ie-driver\3.141.59\selenium-ie-driver-3.141.59.jar;C:\Users\Harika T\.m2\repository\org\seleniumhq\selenium\selenium-opera-driver\3.141.59\selenium-opera-driver-3.141.59.jar;C:\Users\Harika T\.m2\repository\org\seleniumhq\selenium\selenium-remote-driver\3.141.59\selenium-remote-driver-3.141.59.jar;C:\Users\Harika T\.m2\repository\org\seleniumhq\selenium\selenium-safari-driver\3.141.59\selenium-safari-driver-3.141.59.jar;C:\Users\Harika T\.m2\repository\org\seleniumhq\selenium\selenium-support\3.141.59\selenium-support-3.141.59.jar;C:\Users\Harika T\.m2\repository\net\bytebuddy\byte-buddy\1.8.15\byte-buddy-1.8.15.jar;C:\Users\Harika T\.m2\repository\org\apache\commons\commons-exec\1.3\commons-exec-1.3.jar;C:\Users\Harika T\.m2\repository\com\google\guava\guava\25.0-jre\guava-25.0-jre.jar;C:\Users\Harika T\.m2\repository\com\google\code\findbugs\jsr305\1.3.9\jsr305-1.3.9.jar;C:\Users\Harika T\.m2\repository\org\checkerframework\checker-compat-qual\2.0.0\checker-compat-qual-2.0.0.jar;C:\Users\Harika T\.m2\repository\com\google\errorprone\error_prone_annotations\2.1.3\error_prone_annotations-2.1.3.jar;C:\Users\Harika T\.m2\repository\com\google\j2objc\j2objc-annotations\1.1\j2objc-annotations-1.1.jar;C:\Users\Harika T\.m2\repository\org\codehaus\mojo\animal-sniffer-annotations\1.14\animal-sniffer-annotations-1.14.jar;C:\Users\Harika T\.m2\repository\com\squareup\okhttp3\okhttp\3.11.0\okhttp-3.11.0.jar;C:\Users\Harika T\.m2\repository\com\squareup\okio\okio\1.14.0\okio-1.14.0.jar;C:\Users\Harika T\.m2\repository\org\testng\testng\7.0.0\testng-7.0.0.jar;C:\Users\Harika T\.m2\repository\com\beust\jcommander\1.72\jcommander-1.72.jar;C:\Users\Harika T\.m2\repository\org\apache\poi\poi\4.1.2\poi-4.1.2.jar;C:\Users\Harika T\.m2\repository\commons-codec\commons-codec\1.13\commons-codec-1.13.jar;C:\Users\Harika T\.m2\repository\org\apache\commons\commons-collections4\4.4\commons-collections4-4.4.jar;C:\Users\Harika T\.m2\repository\org\apache\commons\commons-math3\3.6.1\commons-math3-3.6.1.jar;C:\Users\Harika T\.m2\repository\com\zaxxer\SparseBitSet\1.2\SparseBitSet-1.2.jar;C:\Users\Harika T\.m2\repository\org\apache\poi\poi-ooxml\4.1.2\poi-ooxml-4.1.2.jar;C:\Users\Harika T\.m2\repository\org\apache\commons\commons-compress\1.19\commons-compress-1.19.jar;C:\Users\Harika T\.m2\repository\com\github\virtuald\curvesapi\1.06\curvesapi-1.06.jar;C:\Users\Harika T\.m2\repository\org\apache\poi\poi-ooxml-schemas\4.1.2\poi-ooxml-schemas-4.1.2.jar;C:\Users\Harika T\.m2\repository\org\apache\xmlbeans\xmlbeans\3.1.0\xmlbeans-3.1.0.jar;C:\Users\Harika T\.m2\repository\commons-io\commons-io\2.6\commons-io-2.6.jar;C:\Users\Harika T\.m2\repository\log4j\log4j\1.2.17\log4j-1.2.17.jar;"/>
    <property name="java.vm.vendor" value="Oracle Corporation"/>
    <property name="sun.arch.data.model" value="64"/>
    <property name="user.variant" value=""/>
    <property name="java.vendor.url" value="https://java.oracle.com/"/>
    <property name="user.timezone" value="Asia/Calcutta"/>
    <property name="os.name" value="Windows 8.1"/>
    <property name="java.vm.specification.version" value="13"/>
    <property name="sun.java.launcher" value="SUN_STANDARD"/>
    <property name="user.country" value="IN"/>
    <property name="sun.boot.library.path" value="C:\Program Files\Java\jdk-13.0.1\bin"/>
    <property name="sun.java.command" value="C:\Users\HARIKA~1\AppData\Local\Temp\surefire14163468083054629924\surefirebooter8659301079413273409.jar C:\Users\Harika T\AppData\Local\Temp\surefire14163468083054629924 2020-03-26T11-03-35_442-jvmRun1 surefire11323069536182783900tmp surefire_05331623163405412576tmp"/>
    <property name="jdk.debug" value="release"/>
    <property name="surefire.test.class.path" value="C:\Users\Harika T\Downloads\maven_praticeAutomation_485\maven_praticeAutomation_485\target\test-classes;C:\Users\Harika T\Downloads\maven_praticeAutomation_485\maven_praticeAutomation_485\target\classes;C:\Users\Harika T\.m2\repository\info\cukes\cucumber-core\1.2.5\cucumber-core-1.2.5.jar;C:\Users\Harika T\.m2\repository\info\cukes\cucumber-html\0.2.3\cucumber-html-0.2.3.jar;C:\Users\Harika T\.m2\repository\info\cukes\cucumber-java\1.2.5\cucumber-java-1.2.5.jar;C:\Users\Harika T\.m2\repository\info\cukes\cucumber-jvm-deps\1.0.5\cucumber-jvm-deps-1.0.5.jar;C:\Users\Harika T\.m2\repository\info\cukes\cucumber-testng\1.2.5\cucumber-testng-1.2.5.jar;C:\Users\Harika T\.m2\repository\info\cukes\gherkin\2.12.2\gherkin-2.12.2.jar;C:\Users\Harika T\.m2\repository\org\seleniumhq\selenium\selenium-java\3.141.59\selenium-java-3.141.59.jar;C:\Users\Harika T\.m2\repository\org\seleniumhq\selenium\selenium-api\3.141.59\selenium-api-3.141.59.jar;C:\Users\Harika T\.m2\repository\org\seleniumhq\selenium\selenium-chrome-driver\3.141.59\selenium-chrome-driver-3.141.59.jar;C:\Users\Harika T\.m2\repository\org\seleniumhq\selenium\selenium-edge-driver\3.141.59\selenium-edge-driver-3.141.59.jar;C:\Users\Harika T\.m2\repository\org\seleniumhq\selenium\selenium-firefox-driver\3.141.59\selenium-firefox-driver-3.141.59.jar;C:\Users\Harika T\.m2\repository\org\seleniumhq\selenium\selenium-ie-driver\3.141.59\selenium-ie-driver-3.141.59.jar;C:\Users\Harika T\.m2\repository\org\seleniumhq\selenium\selenium-opera-driver\3.141.59\selenium-opera-driver-3.141.59.jar;C:\Users\Harika T\.m2\repository\org\seleniumhq\selenium\selenium-remote-driver\3.141.59\selenium-remote-driver-3.141.59.jar;C:\Users\Harika T\.m2\repository\org\seleniumhq\selenium\selenium-safari-driver\3.141.59\selenium-safari-driver-3.141.59.jar;C:\Users\Harika T\.m2\repository\org\seleniumhq\selenium\selenium-support\3.141.59\selenium-support-3.141.59.jar;C:\Users\Harika T\.m2\repository\net\bytebuddy\byte-buddy\1.8.15\byte-buddy-1.8.15.jar;C:\Users\Harika T\.m2\repository\org\apache\commons\commons-exec\1.3\commons-exec-1.3.jar;C:\Users\Harika T\.m2\repository\com\google\guava\guava\25.0-jre\guava-25.0-jre.jar;C:\Users\Harika T\.m2\repository\com\google\code\findbugs\jsr305\1.3.9\jsr305-1.3.9.jar;C:\Users\Harika T\.m2\repository\org\checkerframework\checker-compat-qual\2.0.0\checker-compat-qual-2.0.0.jar;C:\Users\Harika T\.m2\repository\com\google\errorprone\error_prone_annotations\2.1.3\error_prone_annotations-2.1.3.jar;C:\Users\Harika T\.m2\repository\com\google\j2objc\j2objc-annotations\1.1\j2objc-annotations-1.1.jar;C:\Users\Harika T\.m2\repository\org\codehaus\mojo\animal-sniffer-annotations\1.14\animal-sniffer-annotations-1.14.jar;C:\Users\Harika T\.m2\repository\com\squareup\okhttp3\okhttp\3.11.0\okhttp-3.11.0.jar;C:\Users\Harika T\.m2\repository\com\squareup\okio\okio\1.14.0\okio-1.14.0.jar;C:\Users\Harika T\.m2\repository\org\testng\testng\7.0.0\testng-7.0.0.jar;C:\Users\Harika T\.m2\repository\com\beust\jcommander\1.72\jcommander-1.72.jar;C:\Users\Harika T\.m2\repository\org\apache\poi\poi\4.1.2\poi-4.1.2.jar;C:\Users\Harika T\.m2\repository\commons-codec\commons-codec\1.13\commons-codec-1.13.jar;C:\Users\Harika T\.m2\repository\org\apache\commons\commons-collections4\4.4\commons-collections4-4.4.jar;C:\Users\Harika T\.m2\repository\org\apache\commons\commons-math3\3.6.1\commons-math3-3.6.1.jar;C:\Users\Harika T\.m2\repository\com\zaxxer\SparseBitSet\1.2\SparseBitSet-1.2.jar;C:\Users\Harika T\.m2\repository\org\apache\poi\poi-ooxml\4.1.2\poi-ooxml-4.1.2.jar;C:\Users\Harika T\.m2\repository\org\apache\commons\commons-compress\1.19\commons-compress-1.19.jar;C:\Users\Harika T\.m2\repository\com\github\virtuald\curvesapi\1.06\curvesapi-1.06.jar;C:\Users\Harika T\.m2\repository\org\apache\poi\poi-ooxml-schemas\4.1.2\poi-ooxml-schemas-4.1.2.jar;C:\Users\Harika T\.m2\repository\org\apache\xmlbeans\xmlbeans\3.1.0\xmlbeans-3.1.0.jar;C:\Users\Harika T\.m2\repository\commons-io\commons-io\2.6\commons-io-2.6.jar;C:\Users\Harika T\.m2\repository\log4j\log4j\1.2.17\log4j-1.2.17.jar;"/>
    <property name="sun.cpu.endian" value="little"/>
    <property name="user.home" value="C:\Users\Harika T"/>
    <property name="user.language" value="en"/>
    <property name="java.specification.vendor" value="Oracle Corporation"/>
    <property name="java.version.date" value="2019-10-15"/>
    <property name="java.home" value="C:\Program Files\Java\jdk-13.0.1"/>
    <property name="file.separator" value="\"/>
    <property name="basedir" value="C:\Users\Harika T\Downloads\maven_praticeAutomation_485\maven_praticeAutomation_485"/>
    <property name="java.vm.compressedOopsMode" value="32-bit"/>
    <property name="line.separator" value="&#10;"/>
    <property name="java.vm.specification.vendor" value="Oracle Corporation"/>
    <property name="java.specification.name" value="Java Platform API Specification"/>
    <property name="surefire.real.class.path" value="C:\Users\HARIKA~1\AppData\Local\Temp\surefire14163468083054629924\surefirebooter8659301079413273409.jar"/>
    <property name="user.script" value=""/>
    <property name="sun.management.compiler" value="HotSpot 64-Bit Tiered Compilers"/>
    <property name="java.runtime.version" value="13.0.1+9"/>
    <property name="user.name" value="Harika T"/>
    <property name="path.separator" value=";"/>
    <property name="os.version" value="6.3"/>
    <property name="java.runtime.name" value="Java(TM) SE Runtime Environment"/>
    <property name="file.encoding" value="Cp1252"/>
    <property name="java.vm.name" value="Java HotSpot(TM) 64-Bit Server VM"/>
    <property name="localRepository" value="C:\Users\Harika T\.m2\repository"/>
    <property name="java.vendor.url.bug" value="https://bugreport.java.com/bugreport/"/>
    <property name="java.io.tmpdir" value="C:\Users\HARIKA~1\AppData\Local\Temp\"/>
    <property name="java.version" value="13.0.1"/>
    <property name="user.dir" value="C:\Users\Harika T\Downloads\maven_praticeAutomation_485\maven_praticeAutomation_485"/>
    <property name="os.arch" value="amd64"/>
    <property name="java.vm.specification.name" value="Java Virtual Machine Specification"/>
    <property name="sun.os.patch.level" value=""/>
    <property name="java.library.path" value="C:\Program Files\Java\jdk-13.0.1\bin;C:\windows\Sun\Java\bin;C:\windows\system32;C:\windows;C:/Program Files/Java/jdk-13.0.1/bin/server;C:/Program Files/Java/jdk-13.0.1/bin;C:\Program Files (x86)\Common Files\Oracle\Java\javapath;C:\Program Files (x86)\Lenovo\FusionEngine;C:\Program Files (x86)\Intel\iCLS Client\;C:\Program Files\Intel\iCLS Client\;C:\windows\system32;C:\windows;C:\windows\System32\Wbem;C:\windows\System32\WindowsPowerShell\v1.0\;C:\Program Files\Intel\Intel(R) Management Engine Components\DAL;C:\Program Files (x86)\Intel\Intel(R) Management Engine Components\DAL;C:\Program Files\Intel\Intel(R) Management Engine Components\IPT;C:\Program Files (x86)\Intel\Intel(R) Management Engine Components\IPT;C:\Program Files\Intel\WiFi\bin\;C:\Program Files\Common Files\Intel\WirelessCommon\;C:\Program Files (x86)\Common Files\lenovo\easyplussdk\bin;C:\Users\Harika T\Desktop;;."/>
    <property name="java.vm.info" value="mixed mode, sharing"/>
    <property name="java.vendor" value="Oracle Corporation"/>
    <property name="java.vm.version" value="13.0.1+9"/>
    <property name="sun.io.unicode.encoding" value="UnicodeLittle"/>
    <property name="java.class.version" value="57.0"/>
  </properties>
  <testcase name="feature" classname="Runner_PKG.Testrunner" time="498.731">
    <failure message="java.lang.NullPointerException" type="cucumber.runtime.CucumberException">cucumber.runtime.CucumberException: java.lang.NullPointerException
Caused by: java.lang.NullPointerException
</failure>
    <system-out><![CDATA[element located
element located
element located
element located
Error: An account is already registered with your email address. Please login.
element located
element located
element located
element not foundorg.openqa.selenium.TimeoutException: Expected condition failed: waiting for element to be clickable: By.xpath: //form[@class='register']//input[@type='submit'] (tried for 120 second(s) with 500 milliseconds interval)
Build info: version: '3.141.59', revision: 'e82be7d358', time: '2018-11-14T08:17:03'
System info: host: 'LENOVO-PC', ip: '192.168.42.39', os.name: 'Windows 8.1', os.arch: 'amd64', os.version: '6.3', java.version: '13.0.1'
Driver info: org.openqa.selenium.chrome.ChromeDriver
Capabilities {acceptInsecureCerts: false, browserName: chrome, browserVersion: 80.0.3987.149, chrome: {chromedriverVersion: 80.0.3987.106 (f68069574609..., userDataDir: C:\Users\HARIKA~1\AppData\L...}, goog:chromeOptions: {debuggerAddress: localhost:62329}, javascriptEnabled: true, networkConnectionEnabled: false, pageLoadStrategy: normal, platform: WINDOWS, platformName: WINDOWS, proxy: Proxy(), setWindowRect: true, strictFileInteractability: false, timeouts: {implicit: 0, pageLoad: 300000, script: 30000}, unhandledPromptBehavior: dismiss and notify}
Session ID: c300fb94c04b41482f061d465844cd31
element located
element located
element located
element located
element located
element located
element located
element located
element located
element located
element located
]]></system-out>
    <system-err><![CDATA[Starting ChromeDriver 80.0.3987.106 (f68069574609230cf9b635cd784cfb1bf81bb53a-refs/branch-heads/3987@{#882}) on port 7960
Only local connections are allowed.
Please protect ports used by ChromeDriver and related test frameworks to prevent access by malicious code.
Mar 26, 2020 11:03:59 AM org.openqa.selenium.remote.ProtocolHandshake createSession
INFO: Detected dialect: W3C
[1585200845.315][SEVERE]: Timed out receiving message from renderer: 0.100
[1585200845.422][SEVERE]: Timed out receiving message from renderer: 0.100
[1585200845.540][SEVERE]: Timed out receiving message from renderer: 0.100
[1585200845.649][SEVERE]: Timed out receiving message from renderer: 0.100
[1585200845.782][SEVERE]: Timed out receiving message from renderer: 0.100
[1585200845.894][SEVERE]: Timed out receiving message from renderer: 0.100
[1585200846.004][SEVERE]: Timed out receiving message from renderer: 0.100
[1585200846.107][SEVERE]: Timed out receiving message from renderer: 0.100
[1585200846.213][SEVERE]: Timed out receiving message from renderer: 0.100
[1585200846.326][SEVERE]: Timed out receiving message from renderer: 0.100
[1585200846.431][SEVERE]: Timed out receiving message from renderer: 0.100
[1585200846.536][SEVERE]: Timed out receiving message from renderer: 0.100
[1585200846.642][SEVERE]: Timed out receiving message from renderer: 0.100
[1585200846.756][SEVERE]: Timed out receiving message from renderer: 0.100
[1585200846.861][SEVERE]: Timed out receiving message from renderer: 0.100
[1585200846.964][SEVERE]: Timed out receiving message from renderer: 0.100
[1585200847.065][SEVERE]: Timed out receiving message from renderer: 0.100
[1585200847.167][SEVERE]: Timed out receiving message from renderer: 0.100
[1585200847.268][SEVERE]: Timed out receiving message from renderer: 0.100
[1585200847.371][SEVERE]: Timed out receiving message from renderer: 0.100
[1585200847.473][SEVERE]: Timed out receiving message from renderer: 0.100
[1585200847.575][SEVERE]: Timed out receiving message from renderer: 0.100
[1585200847.678][SEVERE]: Timed out receiving message from renderer: 0.100
[1585200847.791][SEVERE]: Timed out receiving message from renderer: 0.100
[1585200847.895][SEVERE]: Timed out receiving message from renderer: 0.100
[1585200847.998][SEVERE]: Timed out receiving message from renderer: 0.100
[1585200850.399][SEVERE]: Timed out receiving message from renderer: 0.100
[1585200856.404][SEVERE]: Timed out receiving message from renderer: 0.100
[1585200873.444][SEVERE]: Timed out receiving message from renderer: 0.100
[1585200873.555][SEVERE]: Timed out receiving message from renderer: 0.100
[1585200873.706][SEVERE]: Timed out receiving message from renderer: 0.100
[1585200873.841][SEVERE]: Timed out receiving message from renderer: 0.100
[1585200873.966][SEVERE]: Timed out receiving message from renderer: 0.100
[1585200874.069][SEVERE]: Timed out receiving message from renderer: 0.100
[1585200874.176][SEVERE]: Timed out receiving message from renderer: 0.100
[1585200874.282][SEVERE]: Timed out receiving message from renderer: 0.100
[1585200874.388][SEVERE]: Timed out receiving message from renderer: 0.100
[1585200874.507][SEVERE]: Timed out receiving message from renderer: 0.100
[1585200874.615][SEVERE]: Timed out receiving message from renderer: 0.100
[1585200874.724][SEVERE]: Timed out receiving message from renderer: 0.100
[1585200874.829][SEVERE]: Timed out receiving message from renderer: 0.100
[1585200874.932][SEVERE]: Timed out receiving message from renderer: 0.100
[1585200875.042][SEVERE]: Timed out receiving message from renderer: 0.100
[1585200875.157][SEVERE]: Timed out receiving message from renderer: 0.100
[1585200875.266][SEVERE]: Timed out receiving message from renderer: 0.100
[1585200875.377][SEVERE]: Timed out receiving message from renderer: 0.100
[1585200875.500][SEVERE]: Timed out receiving message from renderer: 0.100
[1585200875.612][SEVERE]: Timed out receiving message from renderer: 0.100
[1585200875.734][SEVERE]: Timed out receiving message from renderer: 0.100
[1585200875.854][SEVERE]: Timed out receiving message from renderer: 0.100
[1585200876.027][SEVERE]: Timed out receiving message from renderer: 0.100
[1585200876.148][SEVERE]: Timed out receiving message from renderer: 0.100
[1585200876.271][SEVERE]: Timed out receiving message from renderer: 0.100
[1585200876.428][SEVERE]: Timed out receiving message from renderer: 0.100
[1585200876.531][SEVERE]: Timed out receiving message from renderer: 0.100
[1585200876.634][SEVERE]: Timed out receiving message from renderer: 0.100
[1585200876.738][SEVERE]: Timed out receiving message from renderer: 0.100
[1585200876.846][SEVERE]: Timed out receiving message from renderer: 0.100
[1585200876.956][SEVERE]: Timed out receiving message from renderer: 0.100
[1585200877.234][SEVERE]: Timed out receiving message from renderer: 0.100
[1585200877.338][SEVERE]: Timed out receiving message from renderer: 0.100
[1585200877.446][SEVERE]: Timed out receiving message from renderer: 0.100
[1585200877.574][SEVERE]: Timed out receiving message from renderer: 0.100
[1585200877.682][SEVERE]: Timed out receiving message from renderer: 0.100
[1585200877.843][SEVERE]: Timed out receiving message from renderer: 0.100
[1585200877.960][SEVERE]: Timed out receiving message from renderer: 0.100
[1585200878.083][SEVERE]: Timed out receiving message from renderer: 0.100
[1585200878.260][SEVERE]: Timed out receiving message from renderer: 0.100
[1585200878.368][SEVERE]: Timed out receiving message from renderer: 0.100
[1585200878.573][SEVERE]: Timed out receiving message from renderer: 0.100
[1585200878.693][SEVERE]: Timed out receiving message from renderer: 0.100
[1585200878.816][SEVERE]: Timed out receiving message from renderer: 0.100
[1585200878.921][SEVERE]: Timed out receiving message from renderer: 0.100
[1585200879.025][SEVERE]: Timed out receiving message from renderer: 0.100
[1585200879.587][SEVERE]: Timed out receiving message from renderer: 0.100
[1585200880.366][SEVERE]: Timed out receiving message from renderer: 0.100
[1585200880.700][SEVERE]: Timed out receiving message from renderer: 0.100
[1585200881.270][SEVERE]: Timed out receiving message from renderer: 0.100
[1585200881.710][SEVERE]: Timed out receiving message from renderer: 0.100
[1585200881.991][SEVERE]: Timed out receiving message from renderer: 0.100
[1585200882.099][SEVERE]: Timed out receiving message from renderer: 0.100
[1585200882.262][SEVERE]: Timed out receiving message from renderer: 0.100
[1585200882.366][SEVERE]: Timed out receiving message from renderer: 0.100
[1585200882.472][SEVERE]: Timed out receiving message from renderer: 0.100
[1585200882.576][SEVERE]: Timed out receiving message from renderer: 0.100
[1585200882.677][SEVERE]: Timed out receiving message from renderer: 0.100
[1585200882.779][SEVERE]: Timed out receiving message from renderer: 0.100
[1585200882.881][SEVERE]: Timed out receiving message from renderer: 0.100
[1585200882.989][SEVERE]: Timed out receiving message from renderer: 0.100
[1585200883.107][SEVERE]: Timed out receiving message from renderer: 0.100
[1585200883.225][SEVERE]: Timed out receiving message from renderer: 0.100
[1585200883.356][SEVERE]: Timed out receiving message from renderer: 0.100
[1585200883.487][SEVERE]: Timed out receiving message from renderer: 0.100
[1585200883.593][SEVERE]: Timed out receiving message from renderer: 0.100
[1585200883.696][SEVERE]: Timed out receiving message from renderer: 0.100
[1585200883.799][SEVERE]: Timed out receiving message from renderer: 0.100
[1585200883.903][SEVERE]: Timed out receiving message from renderer: 0.100
[1585200884.007][SEVERE]: Timed out receiving message from renderer: 0.100
[1585200884.109][SEVERE]: Timed out receiving message from renderer: 0.100
[1585200884.213][SEVERE]: Timed out receiving message from renderer: 0.100
[1585200884.324][SEVERE]: Timed out receiving message from renderer: 0.100
[1585200884.431][SEVERE]: Timed out receiving message from renderer: 0.100
[1585200884.556][SEVERE]: Timed out receiving message from renderer: 0.100
[1585200884.680][SEVERE]: Timed out receiving message from renderer: 0.100
[1585200884.883][SEVERE]: Timed out receiving message from renderer: 0.100
[1585200885.040][SEVERE]: Timed out receiving message from renderer: 0.100
[1585200885.198][SEVERE]: Timed out receiving message from renderer: 0.100
[1585200885.320][SEVERE]: Timed out receiving message from renderer: 0.100
[1585200885.431][SEVERE]: Timed out receiving message from renderer: 0.100
[1585200885.633][SEVERE]: Timed out receiving message from renderer: 0.100
[1585200885.740][SEVERE]: Timed out receiving message from renderer: 0.100
[1585200885.845][SEVERE]: Timed out receiving message from renderer: 0.100
[1585200885.948][SEVERE]: Timed out receiving message from renderer: 0.100
[1585200886.058][SEVERE]: Timed out receiving message from renderer: 0.100
[1585200886.164][SEVERE]: Timed out receiving message from renderer: 0.100
[1585200886.303][SEVERE]: Timed out receiving message from renderer: 0.100
[1585200886.463][SEVERE]: Timed out receiving message from renderer: 0.100
[1585200886.628][SEVERE]: Timed out receiving message from renderer: 0.100
[1585200886.775][SEVERE]: Timed out receiving message from renderer: 0.100
[1585200886.878][SEVERE]: Timed out receiving message from renderer: 0.100
[1585200887.043][SEVERE]: Timed out receiving message from renderer: 0.100
[1585200887.145][SEVERE]: Timed out receiving message from renderer: 0.100
[1585200887.253][SEVERE]: Timed out receiving message from renderer: 0.100
[1585200887.359][SEVERE]: Timed out receiving message from renderer: 0.100
[1585200887.481][SEVERE]: Timed out receiving message from renderer: 0.100
[1585200887.586][SEVERE]: Timed out receiving message from renderer: 0.100
[1585200887.690][SEVERE]: Timed out receiving message from renderer: 0.100
[1585200887.973][SEVERE]: Timed out receiving message from renderer: 0.100
[1585200888.142][SEVERE]: Timed out receiving message from renderer: 0.100
[1585200888.288][SEVERE]: Timed out receiving message from renderer: 0.100
[1585200888.429][SEVERE]: Timed out receiving message from renderer: 0.100
[1585200888.536][SEVERE]: Timed out receiving message from renderer: 0.100
[1585200888.638][SEVERE]: Timed out receiving message from renderer: 0.100
[1585200888.740][SEVERE]: Timed out receiving message from renderer: 0.100
[1585200888.845][SEVERE]: Timed out receiving message from renderer: 0.100
[1585200888.952][SEVERE]: Timed out receiving message from renderer: 0.100
[1585200889.062][SEVERE]: Timed out receiving message from renderer: 0.100
[1585200889.172][SEVERE]: Timed out receiving message from renderer: 0.100
[1585200889.278][SEVERE]: Timed out receiving message from renderer: 0.100
[1585200889.397][SEVERE]: Timed out receiving message from renderer: 0.100
[1585200889.509][SEVERE]: Timed out receiving message from renderer: 0.100
[1585200889.656][SEVERE]: Timed out receiving message from renderer: 0.100
[1585200889.829][SEVERE]: Timed out receiving message from renderer: 0.100
[1585200889.972][SEVERE]: Timed out receiving message from renderer: 0.100
[1585200890.124][SEVERE]: Timed out receiving message from renderer: 0.100
[1585200890.230][SEVERE]: Timed out receiving message from renderer: 0.100
[1585200890.332][SEVERE]: Timed out receiving message from renderer: 0.100
[1585200890.434][SEVERE]: Timed out receiving message from renderer: 0.100
[1585200890.540][SEVERE]: Timed out receiving message from renderer: 0.100
[1585200890.653][SEVERE]: Timed out receiving message from renderer: 0.100
[1585200890.755][SEVERE]: Timed out receiving message from renderer: 0.100
[1585200890.856][SEVERE]: Timed out receiving message from renderer: 0.100
[1585200890.958][SEVERE]: Timed out receiving message from renderer: 0.100
[1585200891.061][SEVERE]: Timed out receiving message from renderer: 0.100
[1585200891.166][SEVERE]: Timed out receiving message from renderer: 0.100
[1585200891.310][SEVERE]: Timed out receiving message from renderer: 0.100
[1585200891.457][SEVERE]: Timed out receiving message from renderer: 0.100
[1585200891.752][SEVERE]: Timed out receiving message from renderer: 0.100
[1585200891.899][SEVERE]: Timed out receiving message from renderer: 0.100
[1585200892.052][SEVERE]: Timed out receiving message from renderer: 0.100
[1585200892.188][SEVERE]: Timed out receiving message from renderer: 0.100
[1585200892.321][SEVERE]: Timed out receiving message from renderer: 0.100
[1585200892.452][SEVERE]: Timed out receiving message from renderer: 0.100
[1585200892.556][SEVERE]: Timed out receiving message from renderer: 0.100
[1585200892.659][SEVERE]: Timed out receiving message from renderer: 0.100
[1585200892.764][SEVERE]: Timed out receiving message from renderer: 0.100
[1585200892.895][SEVERE]: Timed out receiving message from renderer: 0.100
[1585200893.015][SEVERE]: Timed out receiving message from renderer: 0.100
[1585200893.164][SEVERE]: Timed out receiving message from renderer: 0.100
[1585200893.305][SEVERE]: Timed out receiving message from renderer: 0.100
[1585200893.411][SEVERE]: Timed out receiving message from renderer: 0.100
[1585200893.527][SEVERE]: Timed out receiving message from renderer: 0.100
[1585200893.649][SEVERE]: Timed out receiving message from renderer: 0.100
[1585200893.798][SEVERE]: Timed out receiving message from renderer: 0.100
[1585200893.912][SEVERE]: Timed out receiving message from renderer: 0.100
[1585200894.022][SEVERE]: Timed out receiving message from renderer: 0.100
[1585200894.144][SEVERE]: Timed out receiving message from renderer: 0.100
[1585200894.515][SEVERE]: Timed out receiving message from renderer: 0.100
[1585200894.629][SEVERE]: Timed out receiving message from renderer: 0.100
[1585200894.764][SEVERE]: Timed out receiving message from renderer: 0.100
[1585200894.867][SEVERE]: Timed out receiving message from renderer: 0.100
[1585200897.645][SEVERE]: Timed out receiving message from renderer: 0.100
[1585200897.747][SEVERE]: Timed out receiving message from renderer: 0.100
[1585200907.083][SEVERE]: Timed out receiving message from renderer: 0.100
[1585200907.188][SEVERE]: Timed out receiving message from renderer: 0.100
[1585200907.357][SEVERE]: Timed out receiving message from renderer: 0.100
[1585200907.627][SEVERE]: Timed out receiving message from renderer: 0.100
[1585200907.728][SEVERE]: Timed out receiving message from renderer: 0.100
[1585200907.830][SEVERE]: Timed out receiving message from renderer: 0.100
[1585200909.871][SEVERE]: Timed out receiving message from renderer: 0.100
[1585200909.974][SEVERE]: Timed out receiving message from renderer: 0.100
[1585200910.078][SEVERE]: Timed out receiving message from renderer: 0.100
[1585200910.181][SEVERE]: Timed out receiving message from renderer: 0.100
[1585200910.289][SEVERE]: Timed out receiving message from renderer: 0.100
[1585200910.393][SEVERE]: Timed out receiving message from renderer: 0.100
[1585200910.496][SEVERE]: Timed out receiving message from renderer: 0.100
[1585200910.602][SEVERE]: Timed out receiving message from renderer: 0.100
[1585200910.712][SEVERE]: Timed out receiving message from renderer: 0.100
[1585200910.814][SEVERE]: Timed out receiving message from renderer: 0.100
[1585200910.918][SEVERE]: Timed out receiving message from renderer: 0.100
[1585200911.028][SEVERE]: Timed out receiving message from renderer: 0.100
[1585200911.175][SEVERE]: Timed out receiving message from renderer: 0.100
[1585200911.278][SEVERE]: Timed out receiving message from renderer: 0.100
[1585200911.385][SEVERE]: Timed out receiving message from renderer: 0.100
[1585200911.574][SEVERE]: Timed out receiving message from renderer: 0.100
[1585200911.753][SEVERE]: Timed out receiving message from renderer: 0.100
[1585200911.856][SEVERE]: Timed out receiving message from renderer: 0.100
[1585200911.959][SEVERE]: Timed out receiving message from renderer: 0.100
[1585200912.062][SEVERE]: Timed out receiving message from renderer: 0.100
[1585200912.172][SEVERE]: Timed out receiving message from renderer: 0.100
[1585200912.277][SEVERE]: Timed out receiving message from renderer: 0.100
[1585200912.386][SEVERE]: Timed out receiving message from renderer: 0.100
[1585200912.491][SEVERE]: Timed out receiving message from renderer: 0.100
[1585200912.593][SEVERE]: Timed out receiving message from renderer: 0.100
[1585200912.708][SEVERE]: Timed out receiving message from renderer: 0.100
[1585200912.825][SEVERE]: Timed out receiving message from renderer: 0.100
[1585200912.951][SEVERE]: Timed out receiving message from renderer: 0.100
[1585200913.053][SEVERE]: Timed out receiving message from renderer: 0.100
[1585200913.157][SEVERE]: Timed out receiving message from renderer: 0.100
[1585200913.263][SEVERE]: Timed out receiving message from renderer: 0.100
[1585200913.377][SEVERE]: Timed out receiving message from renderer: 0.100
[1585200913.480][SEVERE]: Timed out receiving message from renderer: 0.100
[1585200913.591][SEVERE]: Timed out receiving message from renderer: 0.100
[1585200913.701][SEVERE]: Timed out receiving message from renderer: 0.100
[1585200913.814][SEVERE]: Timed out receiving message from renderer: 0.100
[1585200913.939][SEVERE]: Timed out receiving message from renderer: 0.100
[1585200914.054][SEVERE]: Timed out receiving message from renderer: 0.100
[1585200919.900][SEVERE]: Timed out receiving message from renderer: 0.100
[1585200920.414][SEVERE]: Timed out receiving message from renderer: 0.100
[1585200925.340][SEVERE]: Timed out receiving message from renderer: 0.100
[1585200925.527][SEVERE]: Timed out receiving message from renderer: 0.100
[1585200925.629][SEVERE]: Timed out receiving message from renderer: 0.100
[1585200926.043][SEVERE]: Timed out receiving message from renderer: 0.100
[1585200926.145][SEVERE]: Timed out receiving message from renderer: 0.100
[1585200926.248][SEVERE]: Timed out receiving message from renderer: 0.100
[1585200926.351][SEVERE]: Timed out receiving message from renderer: 0.100
[1585200926.497][SEVERE]: Timed out receiving message from renderer: 0.100
[1585200926.612][SEVERE]: Timed out receiving message from renderer: 0.100
[1585200926.713][SEVERE]: Timed out receiving message from renderer: 0.100
[1585200926.874][SEVERE]: Timed out receiving message from renderer: 0.100
[1585200926.975][SEVERE]: Timed out receiving message from renderer: 0.100
[1585200927.078][SEVERE]: Timed out receiving message from renderer: 0.100
[1585200927.180][SEVERE]: Timed out receiving message from renderer: 0.100
[1585200927.285][SEVERE]: Timed out receiving message from renderer: 0.100
[1585200927.392][SEVERE]: Timed out receiving message from renderer: 0.100
[1585200927.496][SEVERE]: Timed out receiving message from renderer: 0.100
[1585200927.627][SEVERE]: Timed out receiving message from renderer: 0.100
[1585200927.749][SEVERE]: Timed out receiving message from renderer: 0.100
[1585200927.899][SEVERE]: Timed out receiving message from renderer: 0.100
[1585200928.022][SEVERE]: Timed out receiving message from renderer: 0.100
[1585200928.157][SEVERE]: Timed out receiving message from renderer: 0.100
[1585200928.411][SEVERE]: Timed out receiving message from renderer: 0.100
[1585200928.541][SEVERE]: Timed out receiving message from renderer: 0.100
[1585200928.683][SEVERE]: Timed out receiving message from renderer: 0.100
[1585200928.858][SEVERE]: Timed out receiving message from renderer: 0.100
[1585200928.995][SEVERE]: Timed out receiving message from renderer: 0.100
[1585200929.108][SEVERE]: Timed out receiving message from renderer: 0.100
[1585200929.278][SEVERE]: Timed out receiving message from renderer: 0.100
Starting ChromeDriver 80.0.3987.106 (f68069574609230cf9b635cd784cfb1bf81bb53a-refs/branch-heads/3987@{#882}) on port 12717
Only local connections are allowed.
Please protect ports used by ChromeDriver and related test frameworks to prevent access by malicious code.
[1585200941.217][WARNING]: Timed out connecting to Chrome, retrying...
Mar 26, 2020 11:05:45 AM org.openqa.selenium.remote.ProtocolHandshake createSession
INFO: Detected dialect: W3C
[1585200956.257][SEVERE]: Timed out receiving message from renderer: 0.100
[1585200956.523][SEVERE]: Timed out receiving message from renderer: 0.100
[1585200959.371][SEVERE]: Timed out receiving message from renderer: 0.100
[1585200968.379][SEVERE]: Timed out receiving message from renderer: 0.100
[1585200970.225][SEVERE]: Timed out receiving message from renderer: 0.100
[1585200971.215][SEVERE]: Timed out receiving message from renderer: 0.100
[1585200971.757][SEVERE]: Timed out receiving message from renderer: 0.100
[1585200971.859][SEVERE]: Timed out receiving message from renderer: 0.100
[1585200971.965][SEVERE]: Timed out receiving message from renderer: 0.100
[1585200972.068][SEVERE]: Timed out receiving message from renderer: 0.100
[1585200972.174][SEVERE]: Timed out receiving message from renderer: 0.100
[1585200972.293][SEVERE]: Timed out receiving message from renderer: 0.100
[1585200972.424][SEVERE]: Timed out receiving message from renderer: 0.100
[1585200972.542][SEVERE]: Timed out receiving message from renderer: 0.100
[1585200972.649][SEVERE]: Timed out receiving message from renderer: 0.100
[1585200972.768][SEVERE]: Timed out receiving message from renderer: 0.100
[1585200972.871][SEVERE]: Timed out receiving message from renderer: 0.100
[1585200972.976][SEVERE]: Timed out receiving message from renderer: 0.100
[1585200973.081][SEVERE]: Timed out receiving message from renderer: 0.100
[1585200973.186][SEVERE]: Timed out receiving message from renderer: 0.100
[1585200973.289][SEVERE]: Timed out receiving message from renderer: 0.100
[1585200973.391][SEVERE]: Timed out receiving message from renderer: 0.100
[1585200973.496][SEVERE]: Timed out receiving message from renderer: 0.100
[1585200988.326][SEVERE]: Timed out receiving message from renderer: 0.100
[1585200988.432][SEVERE]: Timed out receiving message from renderer: 0.100
[1585200988.794][SEVERE]: Timed out receiving message from renderer: 0.100
[1585200989.204][SEVERE]: Timed out receiving message from renderer: 0.100
[1585200989.307][SEVERE]: Timed out receiving message from renderer: 0.100
[1585200989.410][SEVERE]: Timed out receiving message from renderer: 0.100
[1585200989.513][SEVERE]: Timed out receiving message from renderer: 0.100
[1585200989.619][SEVERE]: Timed out receiving message from renderer: 0.100
[1585200989.724][SEVERE]: Timed out receiving message from renderer: 0.100
[1585200989.833][SEVERE]: Timed out receiving message from renderer: 0.100
[1585200989.941][SEVERE]: Timed out receiving message from renderer: 0.100
[1585200990.050][SEVERE]: Timed out receiving message from renderer: 0.100
[1585200990.164][SEVERE]: Timed out receiving message from renderer: 0.100
[1585200990.278][SEVERE]: Timed out receiving message from renderer: 0.100
[1585200990.385][SEVERE]: Timed out receiving message from renderer: 0.100
[1585200990.494][SEVERE]: Timed out receiving message from renderer: 0.100
[1585200990.597][SEVERE]: Timed out receiving message from renderer: 0.100
[1585200990.769][SEVERE]: Timed out receiving message from renderer: 0.100
[1585200990.905][SEVERE]: Timed out receiving message from renderer: 0.100
[1585200991.008][SEVERE]: Timed out receiving message from renderer: 0.100
[1585200991.111][SEVERE]: Timed out receiving message from renderer: 0.100
[1585200991.213][SEVERE]: Timed out receiving message from renderer: 0.100
[1585200991.315][SEVERE]: Timed out receiving message from renderer: 0.100
[1585200991.419][SEVERE]: Timed out receiving message from renderer: 0.100
[1585200991.523][SEVERE]: Timed out receiving message from renderer: 0.100
[1585200991.705][SEVERE]: Timed out receiving message from renderer: 0.100
[1585200991.810][SEVERE]: Timed out receiving message from renderer: 0.100
[1585200991.982][SEVERE]: Timed out receiving message from renderer: 0.100
[1585200992.115][SEVERE]: Timed out receiving message from renderer: 0.100
[1585200992.276][SEVERE]: Timed out receiving message from renderer: 0.100
[1585200992.389][SEVERE]: Timed out receiving message from renderer: 0.100
[1585200992.492][SEVERE]: Timed out receiving message from renderer: 0.100
[1585200992.595][SEVERE]: Timed out receiving message from renderer: 0.100
[1585200992.699][SEVERE]: Timed out receiving message from renderer: 0.100
[1585200992.809][SEVERE]: Timed out receiving message from renderer: 0.100
[1585200992.922][SEVERE]: Timed out receiving message from renderer: 0.100
[1585200993.484][SEVERE]: Timed out receiving message from renderer: 0.100
[1585200993.587][SEVERE]: Timed out receiving message from renderer: 0.100
[1585200993.696][SEVERE]: Timed out receiving message from renderer: 0.100
[1585200993.815][SEVERE]: Timed out receiving message from renderer: 0.100
[1585200993.920][SEVERE]: Timed out receiving message from renderer: 0.100
[1585200994.023][SEVERE]: Timed out receiving message from renderer: 0.100
[1585200994.128][SEVERE]: Timed out receiving message from renderer: 0.100
[1585200994.232][SEVERE]: Timed out receiving message from renderer: 0.100
[1585200994.343][SEVERE]: Timed out receiving message from renderer: 0.100
[1585200994.522][SEVERE]: Timed out receiving message from renderer: 0.100
[1585200994.625][SEVERE]: Timed out receiving message from renderer: 0.100
[1585200994.736][SEVERE]: Timed out receiving message from renderer: 0.100
[1585200994.838][SEVERE]: Timed out receiving message from renderer: 0.100
[1585200995.010][SEVERE]: Timed out receiving message from renderer: 0.100
[1585200995.217][SEVERE]: Timed out receiving message from renderer: 0.100
[1585200995.423][SEVERE]: Timed out receiving message from renderer: 0.100
[1585200995.718][SEVERE]: Timed out receiving message from renderer: 0.100
[1585200995.862][SEVERE]: Timed out receiving message from renderer: 0.100
[1585200995.965][SEVERE]: Timed out receiving message from renderer: 0.100
[1585200996.067][SEVERE]: Timed out receiving message from renderer: 0.100
[1585200996.424][SEVERE]: Timed out receiving message from renderer: 0.100
[1585200996.526][SEVERE]: Timed out receiving message from renderer: 0.100
[1585200996.628][SEVERE]: Timed out receiving message from renderer: 0.100
[1585200996.730][SEVERE]: Timed out receiving message from renderer: 0.100
[1585200996.834][SEVERE]: Timed out receiving message from renderer: 0.100
[1585200996.951][SEVERE]: Timed out receiving message from renderer: 0.100
[1585200997.170][SEVERE]: Timed out receiving message from renderer: 0.100
Starting ChromeDriver 80.0.3987.106 (f68069574609230cf9b635cd784cfb1bf81bb53a-refs/branch-heads/3987@{#882}) on port 10025
Only local connections are allowed.
Please protect ports used by ChromeDriver and related test frameworks to prevent access by malicious code.
Mar 26, 2020 11:08:57 AM org.openqa.selenium.remote.ProtocolHandshake createSession
INFO: Detected dialect: W3C
[1585201147.586][SEVERE]: Timed out receiving message from renderer: 0.100
[1585201147.688][SEVERE]: Timed out receiving message from renderer: 0.100
[1585201147.937][SEVERE]: Timed out receiving message from renderer: 0.100
[1585201148.038][SEVERE]: Timed out receiving message from renderer: 0.100
[1585201148.187][SEVERE]: Timed out receiving message from renderer: 0.100
[1585201148.319][SEVERE]: Timed out receiving message from renderer: 0.100
[1585201148.446][SEVERE]: Timed out receiving message from renderer: 0.100
[1585201148.554][SEVERE]: Timed out receiving message from renderer: 0.100
[1585201148.656][SEVERE]: Timed out receiving message from renderer: 0.100
[1585201148.758][SEVERE]: Timed out receiving message from renderer: 0.100
[1585201148.861][SEVERE]: Timed out receiving message from renderer: 0.100
[1585201148.962][SEVERE]: Timed out receiving message from renderer: 0.100
[1585201149.064][SEVERE]: Timed out receiving message from renderer: 0.100
[1585201149.177][SEVERE]: Timed out receiving message from renderer: 0.100
[1585201149.280][SEVERE]: Timed out receiving message from renderer: 0.100
[1585201150.073][SEVERE]: Timed out receiving message from renderer: 0.100
[1585201151.234][SEVERE]: Timed out receiving message from renderer: 0.100
[1585201151.609][SEVERE]: Timed out receiving message from renderer: 0.100
[1585201151.710][SEVERE]: Timed out receiving message from renderer: 0.100
[1585201151.812][SEVERE]: Timed out receiving message from renderer: 0.100
[1585201151.989][SEVERE]: Timed out receiving message from renderer: 0.100
[1585201152.091][SEVERE]: Timed out receiving message from renderer: 0.100
[1585201152.202][SEVERE]: Timed out receiving message from renderer: 0.100
[1585201152.330][SEVERE]: Timed out receiving message from renderer: 0.100
[1585201152.462][SEVERE]: Timed out receiving message from renderer: 0.100
Starting ChromeDriver 80.0.3987.106 (f68069574609230cf9b635cd784cfb1bf81bb53a-refs/branch-heads/3987@{#882}) on port 33489
Only local connections are allowed.
Please protect ports used by ChromeDriver and related test frameworks to prevent access by malicious code.
[1585201191.692][WARNING]: Timed out connecting to Chrome, retrying...
Mar 26, 2020 11:09:53 AM org.openqa.selenium.remote.ProtocolHandshake createSession
INFO: Detected dialect: W3C
[1585201199.938][SEVERE]: Timed out receiving message from renderer: 0.100
[1585201200.103][SEVERE]: Timed out receiving message from renderer: 0.100
[1585201200.221][SEVERE]: Timed out receiving message from renderer: 0.100
[1585201200.356][SEVERE]: Timed out receiving message from renderer: 0.100
[1585201200.459][SEVERE]: Timed out receiving message from renderer: 0.100
[1585201200.570][SEVERE]: Timed out receiving message from renderer: 0.100
[1585201200.673][SEVERE]: Timed out receiving message from renderer: 0.100
[1585201200.775][SEVERE]: Timed out receiving message from renderer: 0.100
[1585201200.880][SEVERE]: Timed out receiving message from renderer: 0.100
[1585201200.982][SEVERE]: Timed out receiving message from renderer: 0.100
[1585201201.084][SEVERE]: Timed out receiving message from renderer: 0.100
[1585201201.185][SEVERE]: Timed out receiving message from renderer: 0.100
[1585201201.287][SEVERE]: Timed out receiving message from renderer: 0.100
[1585201201.389][SEVERE]: Timed out receiving message from renderer: 0.100
[1585201201.509][SEVERE]: Timed out receiving message from renderer: 0.100
[1585201201.636][SEVERE]: Timed out receiving message from renderer: 0.100
[1585201201.805][SEVERE]: Timed out receiving message from renderer: 0.100
[1585201201.969][SEVERE]: Timed out receiving message from renderer: 0.100
[1585201202.115][SEVERE]: Timed out receiving message from renderer: 0.100
[1585201202.260][SEVERE]: Timed out receiving message from renderer: 0.100
[1585201202.533][SEVERE]: Timed out receiving message from renderer: 0.100
[1585201202.868][SEVERE]: Timed out receiving message from renderer: 0.100
[1585201203.068][SEVERE]: Timed out receiving message from renderer: 0.100
[1585201203.425][SEVERE]: Timed out receiving message from renderer: 0.100
[1585201203.973][SEVERE]: Timed out receiving message from renderer: 0.100
[1585201205.252][SEVERE]: Timed out receiving message from renderer: 0.100
[1585201209.506][SEVERE]: Timed out receiving message from renderer: 0.100
[1585201209.671][SEVERE]: Timed out receiving message from renderer: 0.100
[1585201209.773][SEVERE]: Timed out receiving message from renderer: 0.100
[1585201209.876][SEVERE]: Timed out receiving message from renderer: 0.100
[1585201209.978][SEVERE]: Timed out receiving message from renderer: 0.100
[1585201210.083][SEVERE]: Timed out receiving message from renderer: 0.100
[1585201210.185][SEVERE]: Timed out receiving message from renderer: 0.100
[1585201210.290][SEVERE]: Timed out receiving message from renderer: 0.100
[1585201210.410][SEVERE]: Timed out receiving message from renderer: 0.100
[1585201210.529][SEVERE]: Timed out receiving message from renderer: 0.100
[1585201210.680][SEVERE]: Timed out receiving message from renderer: 0.100
[1585201210.850][SEVERE]: Timed out receiving message from renderer: 0.100
[1585201210.959][SEVERE]: Timed out receiving message from renderer: 0.100
[1585201211.069][SEVERE]: Timed out receiving message from renderer: 0.100
[1585201211.175][SEVERE]: Timed out receiving message from renderer: 0.100
[1585201227.934][SEVERE]: Timed out receiving message from renderer: 0.100
[1585201228.049][SEVERE]: Timed out receiving message from renderer: 0.100
[1585201228.170][SEVERE]: Timed out receiving message from renderer: 0.100
[1585201228.291][SEVERE]: Timed out receiving message from renderer: 0.100
[1585201228.448][SEVERE]: Timed out receiving message from renderer: 0.100
[1585201228.599][SEVERE]: Timed out receiving message from renderer: 0.100
[1585201228.703][SEVERE]: Timed out receiving message from renderer: 0.100
[1585201228.807][SEVERE]: Timed out receiving message from renderer: 0.100
[1585201228.909][SEVERE]: Timed out receiving message from renderer: 0.100
[1585201229.114][SEVERE]: Timed out receiving message from renderer: 0.100
[1585201229.219][SEVERE]: Timed out receiving message from renderer: 0.100
[1585201229.321][SEVERE]: Timed out receiving message from renderer: 0.100
[1585201229.422][SEVERE]: Timed out receiving message from renderer: 0.100
[1585201229.524][SEVERE]: Timed out receiving message from renderer: 0.100
[1585201229.630][SEVERE]: Timed out receiving message from renderer: 0.100
[1585201229.731][SEVERE]: Timed out receiving message from renderer: 0.100
[1585201229.833][SEVERE]: Timed out receiving message from renderer: 0.100
[1585201229.935][SEVERE]: Timed out receiving message from renderer: 0.100
[1585201230.039][SEVERE]: Timed out receiving message from renderer: 0.100
[1585201230.142][SEVERE]: Timed out receiving message from renderer: 0.100
[1585201230.247][SEVERE]: Timed out receiving message from renderer: 0.100
[1585201230.501][SEVERE]: Timed out receiving message from renderer: 0.100
[1585201230.604][SEVERE]: Timed out receiving message from renderer: 0.100
[1585201230.706][SEVERE]: Timed out receiving message from renderer: 0.100
[1585201230.808][SEVERE]: Timed out receiving message from renderer: 0.100
[1585201230.911][SEVERE]: Timed out receiving message from renderer: 0.100
[1585201231.013][SEVERE]: Timed out receiving message from renderer: 0.100
[1585201231.115][SEVERE]: Timed out receiving message from renderer: 0.100
[1585201231.216][SEVERE]: Timed out receiving message from renderer: 0.100
[1585201231.329][SEVERE]: Timed out receiving message from renderer: 0.100
[1585201234.836][SEVERE]: Timed out receiving message from renderer: 0.100
[1585201235.024][SEVERE]: Timed out receiving message from renderer: 0.100
[1585201235.367][SEVERE]: Timed out receiving message from renderer: 0.100
[1585201235.701][SEVERE]: Timed out receiving message from renderer: 0.100
[1585201244.953][SEVERE]: Timed out receiving message from renderer: 0.100
[1585201245.120][SEVERE]: Timed out receiving message from renderer: 0.100
[1585201245.233][SEVERE]: Timed out receiving message from renderer: 0.100
[1585201245.367][SEVERE]: Timed out receiving message from renderer: 0.100
[1585201245.538][SEVERE]: Timed out receiving message from renderer: 0.100
[1585201245.671][SEVERE]: Timed out receiving message from renderer: 0.100
[1585201245.785][SEVERE]: Timed out receiving message from renderer: 0.100
[1585201245.886][SEVERE]: Timed out receiving message from renderer: 0.100
[1585201245.996][SEVERE]: Timed out receiving message from renderer: 0.100
[1585201246.103][SEVERE]: Timed out receiving message from renderer: 0.100
[1585201246.302][SEVERE]: Timed out receiving message from renderer: 0.100
[1585201247.836][SEVERE]: Timed out receiving message from renderer: 0.100
[1585201250.431][SEVERE]: Timed out receiving message from renderer: 0.100
[1585201250.538][SEVERE]: Timed out receiving message from renderer: 0.100
[1585201250.641][SEVERE]: Timed out receiving message from renderer: 0.100
[1585201250.767][SEVERE]: Timed out receiving message from renderer: 0.100
[1585201250.875][SEVERE]: Timed out receiving message from renderer: 0.100
[1585201250.980][SEVERE]: Timed out receiving message from renderer: 0.100
[1585201251.087][SEVERE]: Timed out receiving message from renderer: 0.100
[1585201251.193][SEVERE]: Timed out receiving message from renderer: 0.100
[1585201251.301][SEVERE]: Timed out receiving message from renderer: 0.100
[1585201251.408][SEVERE]: Timed out receiving message from renderer: 0.100
[1585201251.518][SEVERE]: Timed out receiving message from renderer: 0.100
[1585201251.784][SEVERE]: Timed out receiving message from renderer: 0.100
[1585201252.168][SEVERE]: Timed out receiving message from renderer: 0.100
[1585201252.271][SEVERE]: Timed out receiving message from renderer: 0.100
[1585201252.473][SEVERE]: Timed out receiving message from renderer: 0.100
[1585201252.578][SEVERE]: Timed out receiving message from renderer: 0.100
[1585201252.679][SEVERE]: Timed out receiving message from renderer: 0.100
[1585201252.781][SEVERE]: Timed out receiving message from renderer: 0.100
[1585201252.883][SEVERE]: Timed out receiving message from renderer: 0.100
[1585201252.984][SEVERE]: Timed out receiving message from renderer: 0.100
[1585201253.126][SEVERE]: Timed out receiving message from renderer: 0.100
[1585201253.247][SEVERE]: Timed out receiving message from renderer: 0.100
[1585201253.379][SEVERE]: Timed out receiving message from renderer: 0.100
[1585201253.532][SEVERE]: Timed out receiving message from renderer: 0.100
[1585201253.671][SEVERE]: Timed out receiving message from renderer: 0.100
[1585201253.832][SEVERE]: Timed out receiving message from renderer: 0.100
[1585201253.983][SEVERE]: Timed out receiving message from renderer: 0.100
[1585201254.088][SEVERE]: Timed out receiving message from renderer: 0.100
[1585201254.198][SEVERE]: Timed out receiving message from renderer: 0.100
[1585201254.358][SEVERE]: Timed out receiving message from renderer: 0.100
[1585201254.467][SEVERE]: Timed out receiving message from renderer: 0.100
[1585201254.571][SEVERE]: Timed out receiving message from renderer: 0.100
[1585201254.713][SEVERE]: Timed out receiving message from renderer: 0.100
[1585201254.829][SEVERE]: Timed out receiving message from renderer: 0.100
[1585201255.129][SEVERE]: Timed out receiving message from renderer: 0.100
[1585201255.471][SEVERE]: Timed out receiving message from renderer: 0.100
[1585201255.902][SEVERE]: Timed out receiving message from renderer: 0.100
[1585201256.214][SEVERE]: Timed out receiving message from renderer: 0.100
Starting ChromeDriver 80.0.3987.106 (f68069574609230cf9b635cd784cfb1bf81bb53a-refs/branch-heads/3987@{#882}) on port 33215
Only local connections are allowed.
Please protect ports used by ChromeDriver and related test frameworks to prevent access by malicious code.
]]></system-err>
  </testcase>
</testsuite>